TN:
SF:/home/labber/lighthouse/scheduler/src/components/Application.js
FN:16,Application
FN:27,(anonymous_1)
FNF:2
FNH:2
FNDA:9,Application
FNDA:12,(anonymous_1)
DA:22,9
DA:24,9
DA:26,9
DA:28,12
DA:41,9
LF:5
LH:5
BRF:0
BRH:0
end_of_record
TN:
SF:/home/labber/lighthouse/scheduler/src/components/Button.js
FN:7,Button
FNF:1
FNH:1
FNDA:30,Button
DA:8,30
DA:13,30
LF:2
LH:2
BRF:0
BRH:0
end_of_record
TN:
SF:/home/labber/lighthouse/scheduler/src/components/DayList.js
FN:5,DayList
FN:6,(anonymous_1)
FNF:2
FNH:2
FNDA:9,DayList
FNDA:12,(anonymous_1)
DA:6,9
DA:7,12
DA:18,9
LF:3
LH:3
BRF:0
BRH:0
end_of_record
TN:
SF:/home/labber/lighthouse/scheduler/src/components/DayListItem.js
FN:6,formatSpots
FN:13,DayListItem
FN:22,(anonymous_2)
FNF:3
FNH:3
FNDA:12,formatSpots
FNDA:12,DayListItem
FNDA:1,(anonymous_2)
DA:7,12
DA:8,11
DA:10,1
DA:14,12
DA:19,12
DA:22,1
LF:6
LH:6
BRDA:7,0,0,1
BRDA:7,0,1,11
BRDA:8,1,0,10
BRDA:8,1,1,1
BRF:4
BRH:4
end_of_record
TN:
SF:/home/labber/lighthouse/scheduler/src/components/InterviewerList.js
FN:8,InterviewerList
FN:9,(anonymous_1)
FN:17,(anonymous_2)
FNF:3
FNH:3
FNDA:14,InterviewerList
FNDA:17,(anonymous_1)
FNDA:1,(anonymous_2)
DA:9,14
DA:10,17
DA:17,1
DA:22,14
DA:30,2
DA:34,2
LF:6
LH:6
BRF:0
BRH:0
end_of_record
TN:
SF:/home/labber/lighthouse/scheduler/src/components/InterviewerListItem.js
FN:6,InterviewerItem
FNF:1
FNH:1
FNDA:17,InterviewerItem
DA:7,17
DA:11,17
LF:2
LH:2
BRDA:18,0,0,17
BRDA:18,0,1,5
BRF:2
BRH:2
end_of_record
TN:
SF:/home/labber/lighthouse/scheduler/src/components/Appointment/Confirm.js
FN:5,Confirm
FNF:1
FNH:1
FNDA:1,Confirm
DA:6,1
LF:1
LH:1
BRF:0
BRH:0
end_of_record
TN:
SF:/home/labber/lighthouse/scheduler/src/components/Appointment/Empty.js
FN:3,Empty
FNF:1
FNH:1
FNDA:15,Empty
DA:4,15
LF:1
LH:1
BRF:0
BRH:0
end_of_record
TN:
SF:/home/labber/lighthouse/scheduler/src/components/Appointment/Error.js
FN:3,Error
FNF:1
FNH:0
FNDA:0,Error
DA:4,0
LF:1
LH:0
BRF:0
BRH:0
end_of_record
TN:
SF:/home/labber/lighthouse/scheduler/src/components/Appointment/Form.js
FN:6,Form
FN:11,reset
FN:17,cancel
FN:22,validate
FN:35,(anonymous_4)
FN:42,(anonymous_5)
FNF:6
FNH:5
FNDA:14,Form
FNDA:1,reset
FNDA:1,cancel
FNDA:5,validate
FNDA:0,(anonymous_4)
FNDA:3,(anonymous_5)
DA:7,14
DA:8,14
DA:9,14
DA:12,1
DA:13,1
DA:14,1
DA:18,1
DA:19,1
DA:23,5
DA:24,2
DA:25,2
DA:28,3
DA:29,3
DA:32,14
DA:35,0
DA:43,3
LF:16
LH:15
BRDA:7,0,0,14
BRDA:7,0,1,10
BRDA:8,1,0,14
BRDA:8,1,1,10
BRDA:23,2,0,2
BRDA:23,2,1,3
BRF:6
BRH:6
end_of_record
TN:
SF:/home/labber/lighthouse/scheduler/src/components/Appointment/Header.js
FN:3,Header
FNF:1
FNH:1
FNDA:27,Header
DA:4,27
LF:1
LH:1
BRF:0
BRH:0
end_of_record
TN:
SF:/home/labber/lighthouse/scheduler/src/components/Appointment/Show.js
FN:3,Show
FNF:1
FNH:1
FNDA:6,Show
DA:4,6
LF:1
LH:1
BRDA:11,0,0,6
BRDA:11,0,1,6
BRF:2
BRH:2
end_of_record
TN:
SF:/home/labber/lighthouse/scheduler/src/components/Appointment/Status.js
FN:3,Status
FNF:1
FNH:1
FNDA:4,Status
DA:4,4
LF:1
LH:1
BRF:0
BRH:0
end_of_record
TN:
SF:/home/labber/lighthouse/scheduler/src/components/Appointment/index.js
FN:24,Appointment
FN:31,(anonymous_1)
FN:41,(anonymous_2)
FN:42,(anonymous_3)
FN:45,(anonymous_4)
FN:49,(anonymous_5)
FN:50,(anonymous_6)
FN:56,(anonymous_7)
FN:60,(anonymous_8)
FN:61,(anonymous_9)
FNF:10
FNH:7
FNDA:27,Appointment
FNDA:1,(anonymous_1)
FNDA:1,(anonymous_2)
FNDA:0,(anonymous_3)
FNDA:1,(anonymous_4)
FNDA:1,(anonymous_5)
FNDA:0,(anonymous_6)
FNDA:1,(anonymous_7)
FNDA:1,(anonymous_8)
FNDA:0,(anonymous_9)
DA:14,1
DA:15,1
DA:16,1
DA:17,1
DA:18,1
DA:19,1
DA:20,1
DA:21,1
DA:22,1
DA:25,27
DA:29,27
DA:31,27
DA:32,1
DA:37,1
DA:39,1
DA:41,1
DA:42,0
DA:45,27
DA:46,1
DA:47,1
DA:49,1
DA:50,0
DA:53,27
DA:56,1
DA:60,1
DA:61,0
LF:26
LH:23
BRDA:26,0,0,9
BRDA:26,0,1,18
BRDA:56,1,0,27
BRDA:56,1,1,15
BRDA:57,2,0,27
BRDA:57,2,1,6
BRDA:64,3,0,27
BRDA:64,3,1,1
BRDA:67,4,0,27
BRDA:67,4,1,0
BRDA:76,5,0,27
BRDA:76,5,1,2
BRDA:77,6,0,27
BRDA:77,6,1,2
BRDA:78,7,0,27
BRDA:78,7,1,1
BRDA:85,8,0,27
BRDA:85,8,1,0
BRDA:88,9,0,27
BRDA:88,9,1,0
BRF:20
BRH:17
end_of_record
TN:
SF:/home/labber/lighthouse/scheduler/src/helpers/selectors.js
FN:1,getAppointmentsForDay
FN:2,(anonymous_1)
FN:6,(anonymous_2)
FN:9,getInterviewersForDay
FN:10,(anonymous_4)
FN:14,(anonymous_5)
FN:17,getInterview
FNF:7
FNH:7
FNDA:14,getAppointmentsForDay
FNDA:13,(anonymous_1)
FNDA:20,(anonymous_2)
FNDA:14,getInterviewersForDay
FNDA:13,(anonymous_4)
FNDA:18,(anonymous_5)
FNDA:14,getInterview
DA:2,14
DA:4,14
DA:6,20
DA:10,14
DA:12,14
DA:14,18
DA:18,14
LF:7
LH:7
BRDA:4,0,0,5
BRDA:4,0,1,9
BRDA:4,1,0,14
BRDA:4,1,1,10
BRDA:12,2,0,5
BRDA:12,2,1,9
BRDA:12,3,0,14
BRDA:12,3,1,10
BRDA:19,4,0,14
BRDA:19,4,1,7
BRF:10
BRH:10
end_of_record
TN:
SF:/home/labber/lighthouse/scheduler/src/hooks/useApplicationData.js
FN:13,useApplicationData
FN:21,(anonymous_1)
FN:23,(anonymous_2)
FN:29,(anonymous_3)
FN:41,bookInterview
FN:42,(anonymous_5)
FN:51,cancelInterview
FN:52,(anonymous_7)
FNF:8
FNH:8
FNDA:9,useApplicationData
FNDA:1,(anonymous_1)
FNDA:3,(anonymous_2)
FNDA:3,(anonymous_3)
FNDA:1,bookInterview
FNDA:1,(anonymous_5)
FNDA:1,cancelInterview
FNDA:1,(anonymous_7)
DA:14,9
DA:21,9
DA:23,9
DA:24,3
DA:30,3
DA:39,9
DA:42,1
DA:43,1
DA:52,1
DA:53,1
DA:61,9
LF:11
LH:11
BRF:0
BRH:0
end_of_record
TN:
SF:/home/labber/lighthouse/scheduler/src/hooks/useRealtimeUpdate.js
FN:4,useRealtimeUpdate
FN:5,(anonymous_1)
FN:8,(anonymous_2)
FN:16,(anonymous_3)
FNF:4
FNH:3
FNDA:9,useRealtimeUpdate
FNDA:3,(anonymous_1)
FNDA:0,(anonymous_2)
FNDA:3,(anonymous_3)
DA:5,9
DA:6,3
DA:8,3
DA:9,0
DA:11,0
DA:12,0
DA:16,3
DA:17,3
LF:8
LH:5
BRDA:11,0,0,0
BRDA:11,0,1,0
BRDA:11,1,0,0
BRDA:11,1,1,0
BRF:4
BRH:0
end_of_record
TN:
SF:/home/labber/lighthouse/scheduler/src/hooks/useVisualMode.js
FN:3,(anonymous_0)
FN:6,(anonymous_1)
FN:14,(anonymous_2)
FN:16,(anonymous_3)
FNF:4
FNH:4
FNDA:40,(anonymous_0)
FNDA:11,(anonymous_1)
FNDA:4,(anonymous_2)
FNDA:3,(anonymous_3)
DA:3,2
DA:4,40
DA:6,40
DA:7,11
DA:11,11
DA:14,40
DA:15,4
DA:16,3
DA:20,40
LF:9
LH:9
BRDA:6,0,0,9
BRDA:7,1,0,2
BRDA:7,1,1,9
BRDA:15,2,0,3
BRDA:15,2,1,1
BRF:5
BRH:5
end_of_record
TN:
SF:/home/labber/lighthouse/scheduler/src/reducers/application.js
FN:5,reducer
FN:27,(anonymous_1)
FN:30,(anonymous_2)
FN:34,(anonymous_3)
FNF:4
FNH:4
FNDA:7,reducer
FNDA:2,(anonymous_1)
FNDA:4,(anonymous_2)
FNDA:4,(anonymous_3)
DA:1,2
DA:2,2
DA:3,2
DA:6,7
DA:8,1
DA:10,3
DA:17,2
DA:22,2
DA:27,2
DA:28,2
DA:30,4
DA:34,2
DA:35,4
DA:43,2
DA:50,1
LF:15
LH:15
BRDA:6,0,0,1
BRDA:6,0,1,3
BRDA:6,0,2,2
BRDA:6,0,3,1
BRDA:19,1,0,2
BRDA:19,1,1,1
BRDA:30,2,0,2
BRDA:30,2,1,2
BRDA:35,3,0,2
BRDA:35,3,1,2
BRF:10
BRH:10
end_of_record
